chunk-DrpbtIq8.js:2 [AttaTransport] addReadyCallback is unimplements method, callback: function
content.ts-qbExt-DVJhe4w5.js:126 note inject success undefined
index.ts-BGSox_8A.js:40 SetMessageChannel
index-i_G8kylX.js:658 文件索引返回的文件: (10) ['1', '2', '3', '4', '5', '6', '7', '8', '9', 'btdocke']
index-i_G8kylX.js:658 文件索引扫描发现 10 个markdown文件: (10) ['1', '2', '3', '4', '5', '6', '7', '8', '9', 'btdocke']
index-i_G8kylX.js:658 文件监听器已启动，将自动检测文件变化
index-i_G8kylX.js:658 检测到文件变化: {previous: Array(0), current: Array(10)}
index-i_G8kylX.js:658 检测到新闻文件变化，自动刷新缓存...
web-trans-setting-DjsnoGK-.js:6 Uncaught (in promise) {cmd: 'do-recover-and-show-origin-page', err: {…}}
（匿名） @ web-trans-setting-DjsnoGK-.js:6
显示另外 1 个框架
收起
content_manager.js:1 message: onCheckIsNotMiniWindow
index-i_G8kylX.js:658     GET https://urlnet.cn/src/content/news/1.md 404
loadFromFileSystem @ index-i_G8kylX.js:658
getMarkdownContent @ index-i_G8kylX.js:658
loadMarkdownFromFile @ index-i_G8kylX.js:658
loadMarkdownFile @ index-i_G8kylX.js:658
validateNewsFile @ index-i_G8kylX.js:658
scanMarkdownFiles @ index-i_G8kylX.js:658
await in scanMarkdownFiles（异步）
generateDynamicNewsList @ index-i_G8kylX.js:658
getNewsList @ index-i_G8kylX.js:658
（匿名） @ index-i_G8kylX.js:658
（匿名） @ index-i_G8kylX.js:658
Qj @ index-i_G8kylX.js:40
Hk @ index-i_G8kylX.js:40
Ek @ index-i_G8kylX.js:40
jg @ index-i_G8kylX.js:38
Wk @ index-i_G8kylX.js:40
Pk @ index-i_G8kylX.js:40
Gk @ index-i_G8kylX.js:40
bt @ index-i_G8kylX.js:25
Nt @ index-i_G8kylX.js:25
index-i_G8kylX.js:658 通过动态导入成功读取文件: 1.md
index-i_G8kylX.js:658     GET https://urlnet.cn/src/content/news/1.md 404
loadFromFileSystem @ index-i_G8kylX.js:658
getMarkdownContent @ index-i_G8kylX.js:658
loadMarkdownFromFile @ index-i_G8kylX.js:658
loadMarkdownFile @ index-i_G8kylX.js:658
validateNewsFile @ index-i_G8kylX.js:658
scanMarkdownFiles @ index-i_G8kylX.js:658
await in scanMarkdownFiles（异步）
generateDynamicNewsList @ index-i_G8kylX.js:658
refreshNewsCache @ index-i_G8kylX.js:658
（匿名） @ index-i_G8kylX.js:658
c @ index-i_G8kylX.js:658
await in c（异步）
watchNewsFiles @ index-i_G8kylX.js:658
initializeFileWatcher @ index-i_G8kylX.js:658
getNewsList @ index-i_G8kylX.js:658
（匿名） @ index-i_G8kylX.js:658
（匿名） @ index-i_G8kylX.js:658
Qj @ index-i_G8kylX.js:40
Hk @ index-i_G8kylX.js:40
Ek @ index-i_G8kylX.js:40
jg @ index-i_G8kylX.js:38
Wk @ index-i_G8kylX.js:40
Pk @ index-i_G8kylX.js:40
Gk @ index-i_G8kylX.js:40
bt @ index-i_G8kylX.js:25
Nt @ index-i_G8kylX.js:25
index-i_G8kylX.js:658 通过动态导入成功读取文件: 1.md
index-i_G8kylX.js:658     GET https://urlnet.cn/src/content/news/2.md 404
loadFromFileSystem @ index-i_G8kylX.js:658
getMarkdownContent @ index-i_G8kylX.js:658
loadMarkdownFromFile @ index-i_G8kylX.js:658
loadMarkdownFile @ index-i_G8kylX.js:658
validateNewsFile @ index-i_G8kylX.js:658
scanMarkdownFiles @ index-i_G8kylX.js:658
await in scanMarkdownFiles（异步）
generateDynamicNewsList @ index-i_G8kylX.js:658
getNewsList @ index-i_G8kylX.js:658
（匿名） @ index-i_G8kylX.js:658
（匿名） @ index-i_G8kylX.js:658
Qj @ index-i_G8kylX.js:40
Hk @ index-i_G8kylX.js:40
Ek @ index-i_G8kylX.js:40
jg @ index-i_G8kylX.js:38
Wk @ index-i_G8kylX.js:40
Pk @ index-i_G8kylX.js:40
Gk @ index-i_G8kylX.js:40
bt @ index-i_G8kylX.js:25
Nt @ index-i_G8kylX.js:25
index-i_G8kylX.js:658 通过动态导入成功读取文件: 2.md
index-i_G8kylX.js:658     GET https://urlnet.cn/src/content/news/2.md 404
loadFromFileSystem @ index-i_G8kylX.js:658
getMarkdownContent @ index-i_G8kylX.js:658
loadMarkdownFromFile @ index-i_G8kylX.js:658
loadMarkdownFile @ index-i_G8kylX.js:658
validateNewsFile @ index-i_G8kylX.js:658
scanMarkdownFiles @ index-i_G8kylX.js:658
await in scanMarkdownFiles（异步）
generateDynamicNewsList @ index-i_G8kylX.js:658
refreshNewsCache @ index-i_G8kylX.js:658
（匿名） @ index-i_G8kylX.js:658
c @ index-i_G8kylX.js:658
await in c（异步）
watchNewsFiles @ index-i_G8kylX.js:658
initializeFileWatcher @ index-i_G8kylX.js:658
getNewsList @ index-i_G8kylX.js:658
（匿名） @ index-i_G8kylX.js:658
（匿名） @ index-i_G8kylX.js:658
Qj @ index-i_G8kylX.js:40
Hk @ index-i_G8kylX.js:40
Ek @ index-i_G8kylX.js:40
jg @ index-i_G8kylX.js:38
Wk @ index-i_G8kylX.js:40
Pk @ index-i_G8kylX.js:40
Gk @ index-i_G8kylX.js:40
bt @ index-i_G8kylX.js:25
Nt @ index-i_G8kylX.js:25
index-i_G8kylX.js:658 通过动态导入成功读取文件: 2.md
index-i_G8kylX.js:658     GET https://urlnet.cn/src/content/news/3.md 404
loadFromFileSystem @ index-i_G8kylX.js:658
getMarkdownContent @ index-i_G8kylX.js:658
loadMarkdownFromFile @ index-i_G8kylX.js:658
loadMarkdownFile @ index-i_G8kylX.js:658
validateNewsFile @ index-i_G8kylX.js:658
scanMarkdownFiles @ index-i_G8kylX.js:658
await in scanMarkdownFiles（异步）
generateDynamicNewsList @ index-i_G8kylX.js:658
getNewsList @ index-i_G8kylX.js:658
（匿名） @ index-i_G8kylX.js:658
（匿名） @ index-i_G8kylX.js:658
Qj @ index-i_G8kylX.js:40
Hk @ index-i_G8kylX.js:40
Ek @ index-i_G8kylX.js:40
jg @ index-i_G8kylX.js:38
Wk @ index-i_G8kylX.js:40
Pk @ index-i_G8kylX.js:40
Gk @ index-i_G8kylX.js:40
bt @ index-i_G8kylX.js:25
Nt @ index-i_G8kylX.js:25
index-i_G8kylX.js:658 通过动态导入成功读取文件: 3.md
index-i_G8kylX.js:658     GET https://urlnet.cn/src/content/news/3.md 404
loadFromFileSystem @ index-i_G8kylX.js:658
getMarkdownContent @ index-i_G8kylX.js:658
loadMarkdownFromFile @ index-i_G8kylX.js:658
loadMarkdownFile @ index-i_G8kylX.js:658
validateNewsFile @ index-i_G8kylX.js:658
scanMarkdownFiles @ index-i_G8kylX.js:658
await in scanMarkdownFiles（异步）
generateDynamicNewsList @ index-i_G8kylX.js:658
refreshNewsCache @ index-i_G8kylX.js:658
（匿名） @ index-i_G8kylX.js:658
c @ index-i_G8kylX.js:658
await in c（异步）
watchNewsFiles @ index-i_G8kylX.js:658
initializeFileWatcher @ index-i_G8kylX.js:658
getNewsList @ index-i_G8kylX.js:658
（匿名） @ index-i_G8kylX.js:658
（匿名） @ index-i_G8kylX.js:658
Qj @ index-i_G8kylX.js:40
Hk @ index-i_G8kylX.js:40
Ek @ index-i_G8kylX.js:40
jg @ index-i_G8kylX.js:38
Wk @ index-i_G8kylX.js:40
Pk @ index-i_G8kylX.js:40
Gk @ index-i_G8kylX.js:40
bt @ index-i_G8kylX.js:25
Nt @ index-i_G8kylX.js:25
index-i_G8kylX.js:658 通过动态导入成功读取文件: 3.md
index-i_G8kylX.js:658     GET https://urlnet.cn/src/content/news/4.md 404
loadFromFileSystem @ index-i_G8kylX.js:658
getMarkdownContent @ index-i_G8kylX.js:658
loadMarkdownFromFile @ index-i_G8kylX.js:658
loadMarkdownFile @ index-i_G8kylX.js:658
validateNewsFile @ index-i_G8kylX.js:658
scanMarkdownFiles @ index-i_G8kylX.js:658
await in scanMarkdownFiles（异步）
generateDynamicNewsList @ index-i_G8kylX.js:658
getNewsList @ index-i_G8kylX.js:658
（匿名） @ index-i_G8kylX.js:658
（匿名） @ index-i_G8kylX.js:658
Qj @ index-i_G8kylX.js:40
Hk @ index-i_G8kylX.js:40
Ek @ index-i_G8kylX.js:40
jg @ index-i_G8kylX.js:38
Wk @ index-i_G8kylX.js:40
Pk @ index-i_G8kylX.js:40
Gk @ index-i_G8kylX.js:40
bt @ index-i_G8kylX.js:25
Nt @ index-i_G8kylX.js:25
index-i_G8kylX.js:658 通过动态导入成功读取文件: 4.md
index-i_G8kylX.js:658     GET https://urlnet.cn/src/content/news/4.md 404
loadFromFileSystem @ index-i_G8kylX.js:658
getMarkdownContent @ index-i_G8kylX.js:658
loadMarkdownFromFile @ index-i_G8kylX.js:658
loadMarkdownFile @ index-i_G8kylX.js:658
validateNewsFile @ index-i_G8kylX.js:658
scanMarkdownFiles @ index-i_G8kylX.js:658
await in scanMarkdownFiles（异步）
generateDynamicNewsList @ index-i_G8kylX.js:658
refreshNewsCache @ index-i_G8kylX.js:658
（匿名） @ index-i_G8kylX.js:658
c @ index-i_G8kylX.js:658
await in c（异步）
watchNewsFiles @ index-i_G8kylX.js:658
initializeFileWatcher @ index-i_G8kylX.js:658
getNewsList @ index-i_G8kylX.js:658
（匿名） @ index-i_G8kylX.js:658
（匿名） @ index-i_G8kylX.js:658
Qj @ index-i_G8kylX.js:40
Hk @ index-i_G8kylX.js:40
Ek @ index-i_G8kylX.js:40
jg @ index-i_G8kylX.js:38
Wk @ index-i_G8kylX.js:40
Pk @ index-i_G8kylX.js:40
Gk @ index-i_G8kylX.js:40
bt @ index-i_G8kylX.js:25
Nt @ index-i_G8kylX.js:25
index-i_G8kylX.js:658 通过动态导入成功读取文件: 4.md
index-i_G8kylX.js:658     GET https://urlnet.cn/src/content/news/5.md 404
loadFromFileSystem @ index-i_G8kylX.js:658
getMarkdownContent @ index-i_G8kylX.js:658
loadMarkdownFromFile @ index-i_G8kylX.js:658
loadMarkdownFile @ index-i_G8kylX.js:658
validateNewsFile @ index-i_G8kylX.js:658
scanMarkdownFiles @ index-i_G8kylX.js:658
await in scanMarkdownFiles（异步）
generateDynamicNewsList @ index-i_G8kylX.js:658
getNewsList @ index-i_G8kylX.js:658
（匿名） @ index-i_G8kylX.js:658
（匿名） @ index-i_G8kylX.js:658
Qj @ index-i_G8kylX.js:40
Hk @ index-i_G8kylX.js:40
Ek @ index-i_G8kylX.js:40
jg @ index-i_G8kylX.js:38
Wk @ index-i_G8kylX.js:40
Pk @ index-i_G8kylX.js:40
Gk @ index-i_G8kylX.js:40
bt @ index-i_G8kylX.js:25
Nt @ index-i_G8kylX.js:25
index-i_G8kylX.js:658 通过动态导入成功读取文件: 5.md
index-i_G8kylX.js:658     GET https://urlnet.cn/src/content/news/5.md 404
loadFromFileSystem @ index-i_G8kylX.js:658
getMarkdownContent @ index-i_G8kylX.js:658
loadMarkdownFromFile @ index-i_G8kylX.js:658
loadMarkdownFile @ index-i_G8kylX.js:658
validateNewsFile @ index-i_G8kylX.js:658
scanMarkdownFiles @ index-i_G8kylX.js:658
await in scanMarkdownFiles（异步）
generateDynamicNewsList @ index-i_G8kylX.js:658
refreshNewsCache @ index-i_G8kylX.js:658
（匿名） @ index-i_G8kylX.js:658
c @ index-i_G8kylX.js:658
await in c（异步）
watchNewsFiles @ index-i_G8kylX.js:658
initializeFileWatcher @ index-i_G8kylX.js:658
getNewsList @ index-i_G8kylX.js:658
（匿名） @ index-i_G8kylX.js:658
（匿名） @ index-i_G8kylX.js:658
Qj @ index-i_G8kylX.js:40
Hk @ index-i_G8kylX.js:40
Ek @ index-i_G8kylX.js:40
jg @ index-i_G8kylX.js:38
Wk @ index-i_G8kylX.js:40
Pk @ index-i_G8kylX.js:40
Gk @ index-i_G8kylX.js:40
bt @ index-i_G8kylX.js:25
Nt @ index-i_G8kylX.js:25
index-i_G8kylX.js:658 通过动态导入成功读取文件: 5.md
index-i_G8kylX.js:658     GET https://urlnet.cn/src/content/news/6.md 404
loadFromFileSystem @ index-i_G8kylX.js:658
getMarkdownContent @ index-i_G8kylX.js:658
loadMarkdownFromFile @ index-i_G8kylX.js:658
loadMarkdownFile @ index-i_G8kylX.js:658
validateNewsFile @ index-i_G8kylX.js:658
scanMarkdownFiles @ index-i_G8kylX.js:658
await in scanMarkdownFiles（异步）
generateDynamicNewsList @ index-i_G8kylX.js:658
getNewsList @ index-i_G8kylX.js:658
（匿名） @ index-i_G8kylX.js:658
（匿名） @ index-i_G8kylX.js:658
Qj @ index-i_G8kylX.js:40
Hk @ index-i_G8kylX.js:40
Ek @ index-i_G8kylX.js:40
jg @ index-i_G8kylX.js:38
Wk @ index-i_G8kylX.js:40
Pk @ index-i_G8kylX.js:40
Gk @ index-i_G8kylX.js:40
bt @ index-i_G8kylX.js:25
Nt @ index-i_G8kylX.js:25
index-i_G8kylX.js:658 通过动态导入成功读取文件: 6.md
index-i_G8kylX.js:658     GET https://urlnet.cn/src/content/news/6.md 404
loadFromFileSystem @ index-i_G8kylX.js:658
getMarkdownContent @ index-i_G8kylX.js:658
loadMarkdownFromFile @ index-i_G8kylX.js:658
loadMarkdownFile @ index-i_G8kylX.js:658
validateNewsFile @ index-i_G8kylX.js:658
scanMarkdownFiles @ index-i_G8kylX.js:658
await in scanMarkdownFiles（异步）
generateDynamicNewsList @ index-i_G8kylX.js:658
refreshNewsCache @ index-i_G8kylX.js:658
（匿名） @ index-i_G8kylX.js:658
c @ index-i_G8kylX.js:658
await in c（异步）
watchNewsFiles @ index-i_G8kylX.js:658
initializeFileWatcher @ index-i_G8kylX.js:658
getNewsList @ index-i_G8kylX.js:658
（匿名） @ index-i_G8kylX.js:658
（匿名） @ index-i_G8kylX.js:658
Qj @ index-i_G8kylX.js:40
Hk @ index-i_G8kylX.js:40
Ek @ index-i_G8kylX.js:40
jg @ index-i_G8kylX.js:38
Wk @ index-i_G8kylX.js:40
Pk @ index-i_G8kylX.js:40
Gk @ index-i_G8kylX.js:40
bt @ index-i_G8kylX.js:25
Nt @ index-i_G8kylX.js:25
index-i_G8kylX.js:658 通过动态导入成功读取文件: 6.md
index-i_G8kylX.js:658     GET https://urlnet.cn/src/content/news/7.md 404
loadFromFileSystem @ index-i_G8kylX.js:658
getMarkdownContent @ index-i_G8kylX.js:658
loadMarkdownFromFile @ index-i_G8kylX.js:658
loadMarkdownFile @ index-i_G8kylX.js:658
validateNewsFile @ index-i_G8kylX.js:658
scanMarkdownFiles @ index-i_G8kylX.js:658
await in scanMarkdownFiles（异步）
generateDynamicNewsList @ index-i_G8kylX.js:658
getNewsList @ index-i_G8kylX.js:658
（匿名） @ index-i_G8kylX.js:658
（匿名） @ index-i_G8kylX.js:658
Qj @ index-i_G8kylX.js:40
Hk @ index-i_G8kylX.js:40
Ek @ index-i_G8kylX.js:40
jg @ index-i_G8kylX.js:38
Wk @ index-i_G8kylX.js:40
Pk @ index-i_G8kylX.js:40
Gk @ index-i_G8kylX.js:40
bt @ index-i_G8kylX.js:25
Nt @ index-i_G8kylX.js:25
index-i_G8kylX.js:658 通过动态导入成功读取文件: 7.md
index-i_G8kylX.js:658     GET https://urlnet.cn/src/content/news/7.md 404
loadFromFileSystem @ index-i_G8kylX.js:658
getMarkdownContent @ index-i_G8kylX.js:658
loadMarkdownFromFile @ index-i_G8kylX.js:658
loadMarkdownFile @ index-i_G8kylX.js:658
validateNewsFile @ index-i_G8kylX.js:658
scanMarkdownFiles @ index-i_G8kylX.js:658
await in scanMarkdownFiles（异步）
generateDynamicNewsList @ index-i_G8kylX.js:658
refreshNewsCache @ index-i_G8kylX.js:658
（匿名） @ index-i_G8kylX.js:658
c @ index-i_G8kylX.js:658
await in c（异步）
watchNewsFiles @ index-i_G8kylX.js:658
initializeFileWatcher @ index-i_G8kylX.js:658
getNewsList @ index-i_G8kylX.js:658
（匿名） @ index-i_G8kylX.js:658
（匿名） @ index-i_G8kylX.js:658
Qj @ index-i_G8kylX.js:40
Hk @ index-i_G8kylX.js:40
Ek @ index-i_G8kylX.js:40
jg @ index-i_G8kylX.js:38
Wk @ index-i_G8kylX.js:40
Pk @ index-i_G8kylX.js:40
Gk @ index-i_G8kylX.js:40
bt @ index-i_G8kylX.js:25
Nt @ index-i_G8kylX.js:25
index-i_G8kylX.js:658 通过动态导入成功读取文件: 7.md
index-i_G8kylX.js:658     GET https://urlnet.cn/src/content/news/8.md 404
loadFromFileSystem @ index-i_G8kylX.js:658
getMarkdownContent @ index-i_G8kylX.js:658
loadMarkdownFromFile @ index-i_G8kylX.js:658
loadMarkdownFile @ index-i_G8kylX.js:658
validateNewsFile @ index-i_G8kylX.js:658
scanMarkdownFiles @ index-i_G8kylX.js:658
await in scanMarkdownFiles（异步）
generateDynamicNewsList @ index-i_G8kylX.js:658
getNewsList @ index-i_G8kylX.js:658
（匿名） @ index-i_G8kylX.js:658
（匿名） @ index-i_G8kylX.js:658
Qj @ index-i_G8kylX.js:40
Hk @ index-i_G8kylX.js:40
Ek @ index-i_G8kylX.js:40
jg @ index-i_G8kylX.js:38
Wk @ index-i_G8kylX.js:40
Pk @ index-i_G8kylX.js:40
Gk @ index-i_G8kylX.js:40
bt @ index-i_G8kylX.js:25
Nt @ index-i_G8kylX.js:25
index-i_G8kylX.js:658 通过动态导入成功读取文件: 8.md
index-i_G8kylX.js:658     GET https://urlnet.cn/src/content/news/8.md 404
loadFromFileSystem @ index-i_G8kylX.js:658
getMarkdownContent @ index-i_G8kylX.js:658
loadMarkdownFromFile @ index-i_G8kylX.js:658
loadMarkdownFile @ index-i_G8kylX.js:658
validateNewsFile @ index-i_G8kylX.js:658
scanMarkdownFiles @ index-i_G8kylX.js:658
await in scanMarkdownFiles（异步）
generateDynamicNewsList @ index-i_G8kylX.js:658
refreshNewsCache @ index-i_G8kylX.js:658
（匿名） @ index-i_G8kylX.js:658
c @ index-i_G8kylX.js:658
await in c（异步）
watchNewsFiles @ index-i_G8kylX.js:658
initializeFileWatcher @ index-i_G8kylX.js:658
getNewsList @ index-i_G8kylX.js:658
（匿名） @ index-i_G8kylX.js:658
（匿名） @ index-i_G8kylX.js:658
Qj @ index-i_G8kylX.js:40
Hk @ index-i_G8kylX.js:40
Ek @ index-i_G8kylX.js:40
jg @ index-i_G8kylX.js:38
Wk @ index-i_G8kylX.js:40
Pk @ index-i_G8kylX.js:40
Gk @ index-i_G8kylX.js:40
bt @ index-i_G8kylX.js:25
Nt @ index-i_G8kylX.js:25
index-i_G8kylX.js:658 通过动态导入成功读取文件: 8.md
index-i_G8kylX.js:658     GET https://urlnet.cn/src/content/news/9.md 404
loadFromFileSystem @ index-i_G8kylX.js:658
getMarkdownContent @ index-i_G8kylX.js:658
loadMarkdownFromFile @ index-i_G8kylX.js:658
loadMarkdownFile @ index-i_G8kylX.js:658
validateNewsFile @ index-i_G8kylX.js:658
scanMarkdownFiles @ index-i_G8kylX.js:658
await in scanMarkdownFiles（异步）
generateDynamicNewsList @ index-i_G8kylX.js:658
getNewsList @ index-i_G8kylX.js:658
（匿名） @ index-i_G8kylX.js:658
（匿名） @ index-i_G8kylX.js:658
Qj @ index-i_G8kylX.js:40
Hk @ index-i_G8kylX.js:40
Ek @ index-i_G8kylX.js:40
jg @ index-i_G8kylX.js:38
Wk @ index-i_G8kylX.js:40
Pk @ index-i_G8kylX.js:40
Gk @ index-i_G8kylX.js:40
bt @ index-i_G8kylX.js:25
Nt @ index-i_G8kylX.js:25
index-i_G8kylX.js:658 通过动态导入成功读取文件: 9.md
index-i_G8kylX.js:658     GET https://urlnet.cn/src/content/news/9.md 404
loadFromFileSystem @ index-i_G8kylX.js:658
getMarkdownContent @ index-i_G8kylX.js:658
loadMarkdownFromFile @ index-i_G8kylX.js:658
loadMarkdownFile @ index-i_G8kylX.js:658
validateNewsFile @ index-i_G8kylX.js:658
scanMarkdownFiles @ index-i_G8kylX.js:658
await in scanMarkdownFiles（异步）
generateDynamicNewsList @ index-i_G8kylX.js:658
refreshNewsCache @ index-i_G8kylX.js:658
（匿名） @ index-i_G8kylX.js:658
c @ index-i_G8kylX.js:658
await in c（异步）
watchNewsFiles @ index-i_G8kylX.js:658
initializeFileWatcher @ index-i_G8kylX.js:658
getNewsList @ index-i_G8kylX.js:658
（匿名） @ index-i_G8kylX.js:658
（匿名） @ index-i_G8kylX.js:658
Qj @ index-i_G8kylX.js:40
Hk @ index-i_G8kylX.js:40
Ek @ index-i_G8kylX.js:40
jg @ index-i_G8kylX.js:38
Wk @ index-i_G8kylX.js:40
Pk @ index-i_G8kylX.js:40
Gk @ index-i_G8kylX.js:40
bt @ index-i_G8kylX.js:25
Nt @ index-i_G8kylX.js:25
index-i_G8kylX.js:658 通过动态导入成功读取文件: 9.md
index-i_G8kylX.js:658     GET https://urlnet.cn/src/content/news/btdocke.md 404
loadFromFileSystem @ index-i_G8kylX.js:658
getMarkdownContent @ index-i_G8kylX.js:658
loadMarkdownFromFile @ index-i_G8kylX.js:658
loadMarkdownFile @ index-i_G8kylX.js:658
validateNewsFile @ index-i_G8kylX.js:658
scanMarkdownFiles @ index-i_G8kylX.js:658
await in scanMarkdownFiles（异步）
generateDynamicNewsList @ index-i_G8kylX.js:658
getNewsList @ index-i_G8kylX.js:658
（匿名） @ index-i_G8kylX.js:658
（匿名） @ index-i_G8kylX.js:658
Qj @ index-i_G8kylX.js:40
Hk @ index-i_G8kylX.js:40
Ek @ index-i_G8kylX.js:40
jg @ index-i_G8kylX.js:38
Wk @ index-i_G8kylX.js:40
Pk @ index-i_G8kylX.js:40
Gk @ index-i_G8kylX.js:40
bt @ index-i_G8kylX.js:25
Nt @ index-i_G8kylX.js:25
index-i_G8kylX.js:658 通过动态导入成功读取文件: btdocke.md
index-i_G8kylX.js:658 自动扫描并验证了 10 个有效的markdown文件: (10) ['1', '2', '3', '4', '5', '6', '7', '8', '9', 'btdocke']
index-i_G8kylX.js:658 成功加载 10 篇新闻文章
index-i_G8kylX.js:658     GET https://urlnet.cn/src/content/news/btdocke.md 404
loadFromFileSystem @ index-i_G8kylX.js:658
getMarkdownContent @ index-i_G8kylX.js:658
loadMarkdownFromFile @ index-i_G8kylX.js:658
loadMarkdownFile @ index-i_G8kylX.js:658
validateNewsFile @ index-i_G8kylX.js:658
scanMarkdownFiles @ index-i_G8kylX.js:658
await in scanMarkdownFiles（异步）
generateDynamicNewsList @ index-i_G8kylX.js:658
refreshNewsCache @ index-i_G8kylX.js:658
（匿名） @ index-i_G8kylX.js:658
c @ index-i_G8kylX.js:658
await in c（异步）
watchNewsFiles @ index-i_G8kylX.js:658
initializeFileWatcher @ index-i_G8kylX.js:658
getNewsList @ index-i_G8kylX.js:658
（匿名） @ index-i_G8kylX.js:658
（匿名） @ index-i_G8kylX.js:658
Qj @ index-i_G8kylX.js:40
Hk @ index-i_G8kylX.js:40
Ek @ index-i_G8kylX.js:40
jg @ index-i_G8kylX.js:38
Wk @ index-i_G8kylX.js:40
Pk @ index-i_G8kylX.js:40
Gk @ index-i_G8kylX.js:40
bt @ index-i_G8kylX.js:25
Nt @ index-i_G8kylX.js:25
index-i_G8kylX.js:658 通过动态导入成功读取文件: btdocke.md
index-i_G8kylX.js:658 自动扫描并验证了 10 个有效的markdown文件: (10) ['1', '2', '3', '4', '5', '6', '7', '8', '9', 'btdocke']
index-i_G8kylX.js:658 成功加载 10 篇新闻文章
index-i_G8kylX.js:658 新闻缓存已自动更新
